Start testing: Jul 01 16:31 CEST
----------------------------------------------------------
1/4 Testing: test_bitstream_reader
1/4 Test: test_bitstream_reader
Command: "/mnt/dati/Dev/compute-vp9/build/tests/test_decoder" "--test" "bitstream"
Directory: /mnt/dati/Dev/compute-vp9/build/tests
"test_bitstream_reader" start time: Jul 01 16:31 CEST
Output:
----------------------------------------------------------
=== test_bitstream ===
  ✓ first 2 bits
  ✓ 4-bit read
  ✓ cross-byte read
  ✓ second byte

ALL TESTS PASSED ✓
<end of output>
Test time =   0.02 sec
----------------------------------------------------------
Test Passed.
"test_bitstream_reader" end time: Jul 01 16:31 CEST
"test_bitstream_reader" time elapsed: 00:00:00
----------------------------------------------------------

2/4 Testing: test_frame_header
2/4 Test: test_frame_header
Command: "/mnt/dati/Dev/compute-vp9/build/tests/test_decoder" "--test" "frame_header"
Directory: /mnt/dati/Dev/compute-vp9/build/tests
"test_frame_header" start time: Jul 01 16:31 CEST
Output:
----------------------------------------------------------
=== test_frame_header ===
  parse returned: 0 (frame_type=1)
  ✓ no crash on frame header parse

ALL TESTS PASSED ✓
<end of output>
Test time =   0.01 sec
----------------------------------------------------------
Test Passed.
"test_frame_header" end time: Jul 01 16:31 CEST
"test_frame_header" time elapsed: 00:00:00
----------------------------------------------------------

3/4 Testing: test_backend_init
3/4 Test: test_backend_init
Command: "/mnt/dati/Dev/compute-vp9/build/tests/test_decoder" "--test" "backend"
Directory: /mnt/dati/Dev/compute-vp9/build/tests
"test_backend_init" start time: Jul 01 16:31 CEST
Output:
----------------------------------------------------------
=== test_backend ===
  ✓ context created
  active backend: 1
  ✓ backend query
  ✓ context destroyed

ALL TESTS PASSED ✓
<end of output>
Test time =   0.02 sec
----------------------------------------------------------
Test Passed.
"test_backend_init" end time: Jul 01 16:31 CEST
"test_backend_init" time elapsed: 00:00:00
----------------------------------------------------------

4/4 Testing: test_decode_key_frame
4/4 Test: test_decode_key_frame
Command: "/mnt/dati/Dev/compute-vp9/build/tests/test_decoder" "--test" "keyframe"
Directory: /mnt/dati/Dev/compute-vp9/tests
"test_decode_key_frame" start time: Jul 01 16:31 CEST
Output:
----------------------------------------------------------

ALL TESTS PASSED ✓
<end of output>
Test time =   0.01 sec
----------------------------------------------------------
Test Passed.
"test_decode_key_frame" end time: Jul 01 16:31 CEST
"test_decode_key_frame" time elapsed: 00:00:00
----------------------------------------------------------

End testing: Jul 01 16:31 CEST
